Electric Version 8.10 (built on Oct 18, 2011)
--------------- 0 --------------
  Tue Apr 28 12:40:31 EDT 2015
Menu Activated: File | Open Library...
--------------- 1 --------------
  Tue Apr 28 12:40:38 EDT 2015
ProcessKeyBinding 401 when=1430239238028 modifiers=80 code=11 char=ffff false false
--------------- 2 --------------
  Tue Apr 28 12:40:40 EDT 2015
ProcessKeyBinding 402 when=1430239240638 modifiers=0 code=11 char=ffff false false
--------------- 3 --------------
  Tue Apr 28 12:40:44 EDT 2015
ProcessKeyBinding 401 when=1430239244462 modifiers=80 code=11 char=ffff false false
--------------- 4 --------------
  Tue Apr 28 12:40:45 EDT 2015
ProcessKeyBinding 402 when=1430239245658 modifiers=0 code=11 char=ffff false false
--------------- 5 --------------
  Tue Apr 28 12:41:51 EDT 2015
Menu Activated: File | Open Library...
Currently highlighted: 
    com.sun.electric.tool.user.HighlightEOBJ in cell '0_LC4_Top{sch}': , 'ALU{ic}[ALU].func[2:0]'
--------------- 6 --------------
  Tue Apr 28 12:41:58 EDT 2015
ProcessKeyBinding 401 when=1430239318496 modifiers=80 code=11 char=ffff false false
--------------- 7 --------------
  Tue Apr 28 12:42:00 EDT 2015
ProcessKeyBinding 402 when=1430239320207 modifiers=0 code=11 char=ffff false false
--------------- 8 --------------
  Tue Apr 28 12:42:00 EDT 2015
ProcessKeyBinding 401 when=1430239320928 modifiers=80 code=11 char=ffff false false
--------------- 9 --------------
  Tue Apr 28 12:42:02 EDT 2015
ProcessKeyBinding 402 when=1430239322464 modifiers=0 code=11 char=ffff false false
--------------- 10 --------------
  Tue Apr 28 12:42:03 EDT 2015
ProcessKeyBinding 401 when=1430239323015 modifiers=80 code=11 char=ffff false false
--------------- 11 --------------
  Tue Apr 28 12:42:03 EDT 2015
ProcessKeyBinding 402 when=1430239323624 modifiers=0 code=11 char=ffff false false
--------------- 12 --------------
  Tue Apr 28 12:42:19 EDT 2015
Menu Activated: Tools | Simulation (Verilog) | Write Verilog Deck...
--------------- 13 --------------
  Tue Apr 28 12:42:28 EDT 2015
Menu Activated: Tools | Simulation (Verilog) | Write Verilog Deck...
